<?xml version="1.0" encoding="UTF-8"?>
<!-- Generated by org.testng.reporters.JUnitReportReporter -->
<testsuite hostname="DESKTOP-MLTRAJI" failures="0" tests="1" name="RunnerClass.TestRunner" time="8.554" errors="0" timestamp="2024-08-01T23:23:34 IST" skipped="0">
  <testcase classname="RunnerClass.TestRunner" name="runScenario" time="8.554"/>
  <system-out/>
</testsuite> <!-- RunnerClass.TestRunner -->
