<?xml version="1.0" encoding="UTF-8"?>
<!-- Generated by org.testng.reporters.JUnitReportReporter -->
<testsuite hostname="DESKTOP-MLTRAJI" failures="0" tests="1" name="RunnerClass.TestRunner" time="13.223" errors="0" timestamp="2024-07-31T16:11:03 IST" skipped="0">
  <testcase classname="RunnerClass.TestRunner" name="runScenario" time="13.223"/>
  <system-out/>
</testsuite> <!-- RunnerClass.TestRunner -->
